; This is the Calva evaluation results output window.
; TIPS: The keyboard shortcut `ctrl+alt+o o` shows and focuses this window
;   when connected to a REPL session.
; Please see https://calva.io/output/ for more info.
; Happy coding! â™¥ï¸

; Jacking in...
; Starting Jack-in Terminal: cmd.exe /d /c lein update-in :dependencies conj [nrepl,"0.9.0"] -- update-in :plugins conj [cider/cider-nrepl,"0.28.5"] -- update-in [:repl-options,:nrepl-middleware] conj '["cider.nrepl/cider-middleware"]' -- repl :headless
; Hooking up nREPL sessions...
; Connected session: clj
; TIPS:
;   - You can edit the contents here. Use it as a REPL if you like.
;   - `alt+enter` evaluates the current top level form.
;   - `ctrl+enter` evaluates the current form.
;   - `alt+up` and `alt+down` traverse up and down the REPL command history
;      when the cursor is after the last contents at the prompt
;   - Clojure lines in stack traces are peekable and clickable.
cljêž‰moments.coreêž‰>Â  ; Use `alt+enter` to evaluate
; Jack-in done.
cljêž‰moments.coreêž‰>Â 
#'moments.core/-main
cljêž‰moments.coreêž‰>Â 
#'moments.core/-main
cljêž‰moments.coreêž‰>Â 
#'moments.core/-main
cljêž‰moments.coreêž‰>Â 
#'moments.core/-main
cljêž‰moments.coreêž‰>Â 
#'moments.core/-main
cljêž‰moments.coreêž‰>Â 
moment-durations
; Error printing return value (ClassCastException) at java-time.temporal/eval2134$fn (temporal.clj:299).
; class clojure.lang.PersistentArrayMap cannot be cast to class java.time.temporal.Temporal (clojure.lang.PersistentArrayMap is in unnamed module of loader 'app'; java.time.temporal.Temporal is in module java.base of loader 'bootstrap')
cljêž‰moments.coreêž‰>Â 
#'moments.core/moment-durations
cljêž‰moments.coreêž‰>Â (moment-durations)
; Execution error (ClassCastException) at moments.core/eval11981 (form-init3796901982107447055.clj:36).
; class clojure.lang.LazySeq cannot be cast to class clojure.lang.IFn (clojure.lang.LazySeq and clojure.lang.IFn are in unnamed module of loader 'app')
cljêž‰moments.coreêž‰>Â 
moment-durations
; Error printing return value (ClassCastException) at java-time.temporal/eval2134$fn (temporal.clj:299).
; class clojure.lang.PersistentArrayMap cannot be cast to class java.time.temporal.Temporal (clojure.lang.PersistentArrayMap is in unnamed module of loader 'app'; java.time.temporal.Temporal is in module java.base of loader 'bootstrap')
cljêž‰moments.coreêž‰>Â 
#'moments.core/moment-durations
cljêž‰moments.coreêž‰>Â 
moment-durations
; Error printing return value (ClassCastException) at java-time.temporal/eval2134$fn (temporal.clj:299).
; class clojure.lang.PersistentArrayMap cannot be cast to class java.time.temporal.Temporal (clojure.lang.PersistentArrayMap is in unnamed module of loader 'app'; java.time.temporal.Temporal is in module java.base of loader 'bootstrap')
cljêž‰moments.coreêž‰>Â 
nil
cljêž‰moments.coreêž‰>Â 
#'moments.core/moment-dates
cljêž‰moments.coreêž‰>Â moment-dates
[{:title "Started Dating Bri", :date #object[java.time.LocalDate 0x741e05b3 "2009-08-14"]}
 {:title "Started Working", :date #object[java.time.LocalDate 0x72b99faa "2013-08-01"]}
 {:title "Married Bri", :date #object[java.time.LocalDate 0x24c836bf "2014-01-25"]}
 {:title "Bought First Home", :date #object[java.time.LocalDate 0x73f2a026 "2014-11-14"]}
 {:title "Addi Born", :date #object[java.time.LocalDate 0x3488627b "2019-03-02"]}
 {:title "Demi Born", :date #object[java.time.LocalDate 0x69ce5b02 "2021-10-01"]}
 {:title "Bought Second Home", :date #object[java.time.LocalDate 0x31d07bef "2009-08-14"]}]
cljêž‰moments.coreêž‰>Â 
#'moments.core/now
cljêž‰moments.coreêž‰>Â 
#'moments.core/moment-durations
cljêž‰moments.coreêž‰>Â moment-durations
; Error printing return value (ClassCastException) at java-time.temporal/eval2134$fn (temporal.clj:299).
; class clojure.lang.PersistentArrayMap cannot be cast to class java.time.temporal.Temporal (clojure.lang.PersistentArrayMap is in unnamed module of loader 'app'; java.time.temporal.Temporal is in module java.base of loader 'bootstrap')
cljêž‰moments.coreêž‰>Â 
#'moments.core/-main
cljêž‰moments.coreêž‰>Â 
#'moments.core/-main
cljêž‰moments.coreêž‰>Â 
nil
cljêž‰moments.coreêž‰>Â 
#'moments.core/moment-dates
cljêž‰moments.coreêž‰>Â 
#'moments.core/now
cljêž‰moments.coreêž‰>Â 
#'moments.core/calculate-duration
cljêž‰moments.coreêž‰>Â 
#'moments.core/-main
cljêž‰moments.coreêž‰>Â 
(-main)
#function[clojure.core/map/fn--5931]
nil
cljêž‰moments.coreêž‰>Â 
(print (calculate-duration moment-dates now))
#function[clojure.core/map/fn--5931]
nil
cljêž‰moments.coreêž‰>Â 
; nREPL Connection was closed
; Jacking in...
; Starting Jack-in Terminal: cmd.exe /d /c lein update-in :dependencies conj [nrepl,"0.9.0"] -- update-in :plugins conj [cider/cider-nrepl,"0.28.5"] -- update-in [:repl-options,:nrepl-middleware] conj '["cider.nrepl/cider-middleware"]' -- repl :headless
; Hooking up nREPL sessions...
; Connected session: clj
; TIPS:
;   - You can edit the contents here. Use it as a REPL if you like.
;   - `alt+enter` evaluates the current top level form.
;   - `ctrl+enter` evaluates the current form.
;   - `alt+up` and `alt+down` traverse up and down the REPL command history
;      when the cursor is after the last contents at the prompt
;   - Clojure lines in stack traces are peekable and clickable.
cljêž‰moments.coreêž‰>Â 
; Jack-in done.
cljêž‰moments.coreêž‰>Â 
; Syntax error compiling at (c:\Users\GGPC\Documents\Workspace\moments\src\moments\core.clj:24:3).
; No such namespace: jt
cljêž‰moments.coreêž‰>Â 
nil
cljêž‰moments.coreêž‰>Â 
0
cljêž‰moments.coreêž‰>Â 
nil
cljêž‰moments.coreêž‰>Â 
#'moments.core/moment-dates
cljêž‰moments.coreêž‰>Â 
#'moments.core/now
cljêž‰moments.coreêž‰>Â 
nil
cljêž‰moments.coreêž‰>Â 
#'moments.core/moment-dates
cljêž‰moments.coreêž‰>Â 
#'moments.core/now
cljêž‰moments.coreêž‰>Â 
; Syntax error (IllegalArgumentException) compiling jt/time-between at (c:\Users\GGPC\Documents\Workspace\moments\src\moments\core.clj:19:28).
; No single method: time_between of interface: java_time.core.KnowsTimeBetween found for function: time-between of protocol: KnowsTimeBetween
cljêž‰moments.coreêž‰>Â 
; Syntax error (IllegalArgumentException) compiling jt/time-between at (c:\Users\GGPC\Documents\Workspace\moments\src\moments\core.clj:19:28).
; No single method: time_between of interface: java_time.core.KnowsTimeBetween found for function: time-between of protocol: KnowsTimeBetween
cljêž‰moments.coreêž‰>Â 
nil
cljêž‰moments.coreêž‰>Â 
#'moments.core/moment-dates
cljêž‰moments.coreêž‰>Â 
#'moments.core/now
cljêž‰moments.coreêž‰>Â 
; Syntax error (IllegalArgumentException) compiling jt/time-between at (c:\Users\GGPC\Documents\Workspace\moments\src\moments\core.clj:19:28).
; No single method: time_between of interface: java_time.core.KnowsTimeBetween found for function: time-between of protocol: KnowsTimeBetween
cljêž‰moments.coreêž‰>Â 
nil
cljêž‰moments.coreêž‰>Â 
#'moments.core/moment-dates
cljêž‰moments.coreêž‰>Â 
#'moments.core/now
cljêž‰moments.coreêž‰>Â 
; Syntax error (IllegalArgumentException) compiling jt/time-between at (c:\Users\GGPC\Documents\Workspace\moments\src\moments\core.clj:19:28).
; No single method: time_between of interface: java_time.core.KnowsTimeBetween found for function: time-between of protocol: KnowsTimeBetween
cljêž‰moments.coreêž‰>Â 
#'moments.core/-main
cljêž‰moments.coreêž‰>Â 
nil
cljêž‰moments.coreêž‰>Â 
#'moments.core/moment-dates
cljêž‰moments.coreêž‰>Â 
#'moments.core/now
cljêž‰moments.coreêž‰>Â 
#'moments.core/calculate-moment-dates
cljêž‰moments.coreêž‰>Â 
#'moments.core/-main
cljêž‰moments.coreêž‰>Â 
#'moments.core/-main
cljêž‰moments.coreêž‰>Â 
(-main)
{:title Started Dating Bri, :date #object[java.time.LocalDate 0x1fa5b8d4 2009-08-14]}{:title Started Working, :date #object[java.time.LocalDate 0x792837a4 2013-08-01]}{:title Married Bri, :date #object[java.time.LocalDate 0x757c30df 2014-01-25]}{:title Bought First Home, :date #object[java.time.LocalDate 0x3245f6c8 2014-11-14]}{:title Addi Born, :date #object[java.time.LocalDate 0x948b4c 2019-03-02]}{:title Demi Born, :date #object[java.time.LocalDate 0x38b919ed 2021-10-01]}{:title Bought Second Home, :date #object[java.time.LocalDate 0x2cd72ced 2009-08-14]}(nil
                                                                                                                                                                                                                                                                                                                                                                                                                                                                      
                                                                                                               nil
                                                                                                                                                                                                                                                                                                                                                                                                                                                                                                                                                                                     nil
                                                                                                                                                                                                                                                                                                                                                  
                                                                                                                                                                                                                                   nil
                                                                                                                                                                                                                                                                                                                                                                                                                                                                                                                                                                                     nil
                                                                                                                                                                                                                              
                                                                                                                                                                                                                                                                                                                                                       nil
                                                                                                                                                                                                                                                                                                                                                                                                                                                                                                                                                                                     nil)
nil
cljêž‰moments.coreêž‰>Â 
nil
cljêž‰moments.coreêž‰>Â 
#'moments.core/moment-dates
cljêž‰moments.coreêž‰>Â 
#'moments.core/now
cljêž‰moments.coreêž‰>Â 
#'moments.core/-main
cljêž‰moments.coreêž‰>Â 
(-main)
{:title "Started Dating Bri",
 :date #object[java.time.LocalDate 0x3322a7d0 "2009-08-14"]}
{:title "Started Working",
 :date #object[java.time.LocalDate 0x44da69f3 "2013-08-01"]}
{:title "Married Bri",
 :date #object[java.time.LocalDate 0x2f3caa86 "2014-01-25"]}
{:title "Bought First Home",
 :date #object[java.time.LocalDate 0x524215cd "2014-11-14"]}
{:title "Addi Born",
 :date #object[java.time.LocalDate 0x43d6da25 "2019-03-02"]}
{:title "Demi Born",
 :date #object[java.time.LocalDate 0x37efb8ac "2021-10-01"]}
{:title "Bought Second Home",
 :date #object[java.time.LocalDate 0x3618f16d "2009-08-14"]}
(nil nil nil nil nil nil nil)
nil
cljêž‰moments.coreêž‰>Â 
nil
cljêž‰moments.coreêž‰>Â 
#'moments.core/now
cljêž‰moments.coreêž‰>Â 
#'moments.core/moment-dates
cljêž‰moments.coreêž‰>Â 
#'moments.core/-main
cljêž‰moments.coreêž‰>Â 
(-main)
({:title "Started Dating Bri",
  :date #object[java.time.LocalDate 0x2972dbaa "2009-08-14"],
  :duration #object[java.time.LocalDate 0x4003c6d5 "2022-08-20"]}
 {:title "Started Working",
  :date #object[java.time.LocalDate 0x565dab0d "2013-08-01"],
  :duration #object[java.time.LocalDate 0x606c4200 "2022-08-20"]}
 {:title "Married Bri",
  :date #object[java.time.LocalDate 0x16b2c671 "2014-01-25"],
  :duration #object[java.time.LocalDate 0x665d215b "2022-08-20"]}
 {:title "Bought First Home",
  :date #object[java.time.LocalDate 0x70c83233 "2014-11-14"],
  :duration #object[java.time.LocalDate 0x4497840b "2022-08-20"]}
 {:title "Addi Born",
  :date #object[java.time.LocalDate 0x27586374 "2019-03-02"],
  :duration #object[java.time.LocalDate 0x67a6b785 "2022-08-20"]}
 {:title "Demi Born",
  :date #object[java.time.LocalDate 0x34003120 "2021-10-01"],
  :duration #object[java.time.LocalDate 0x4ede95b6 "2022-08-20"]}
 {:title "Bought Second Home",
  :date #object[java.time.LocalDate 0xecd0247 "20
09-08-14"],
  :duration #object[java.time.LocalDate 0x6f3025c8 "2022-08-20"]})
nil
cljêž‰moments.coreêž‰>Â 
#'moments.core/-main
cljêž‰moments.coreêž‰>Â 
(-main)
; Execution error (ClassCastException) at moments.core/calculate-moment-dates$fn (form-init8471201141672060908.clj:19).
; class java.time.LocalDate cannot be cast to class clojure.lang.IFn (java.time.LocalDate is in module java.base of loader 'bootstrap'; clojure.lang.IFn is in unnamed module of loader 'app')
cljêž‰moments.coreêž‰>Â 
#'moments.core/-main
cljêž‰moments.coreêž‰>Â 
(-main)
; Execution error (ClassCastException) at moments.core/calculate-moment-dates$fn (form-init8471201141672060908.clj:19).
; class java.time.LocalDate cannot be cast to class clojure.lang.IFn (java.time.LocalDate is in module java.base of loader 'bootstrap'; clojure.lang.IFn is in unnamed module of loader 'app')
cljêž‰moments.coreêž‰>Â 
#'moments.core/-main
cljêž‰moments.coreêž‰>Â 
(-main)
[
; Execution error (ClassCastException) at moments.core/calculate-moment-dates$fn (form-init8471201141672060908.clj:19).
; class java.time.LocalDate cannot be cast to class clojure.lang.IFn (java.time.LocalDate is in module java.base of loader 'bootstrap'; clojure.lang.IFn is in unnamed module of loader 'app')
cljêž‰moments.coreêž‰>Â 
#'moments.core/-main
cljêž‰moments.coreêž‰>Â 
; Syntax error compiling at (c:\Users\GGPC\Documents\Workspace\moments\src\moments\core.clj:19:60).
; Unable to resolve symbol: % in this context
cljêž‰moments.coreêž‰>Â 
; Error printing return value (ClassCastException) at moments.core/calculate-moment-dates$fn (form-init8471201141672060908.clj:19).
; class java.time.LocalDate cannot be cast to class clojure.lang.IFn (java.time.LocalDate is in module java.base of loader 'bootstrap'; clojure.lang.IFn is in unnamed module of loader 'app')
cljêž‰moments.coreêž‰>Â 
#'moments.core/calculate-moment-dates
cljêž‰moments.coreêž‰>Â 
#'moments.core/calculate-moment-dates
cljêž‰moments.coreêž‰>Â 
#'moments.core/calculate-moment-dates
cljêž‰moments.coreêž‰>Â 
#'moments.core/-main
cljêž‰moments.coreêž‰>Â 
(-main)
; Execution error (ClassCastException) at moments.core/-main (form-init8471201141672060908.clj:23).
; class java.time.LocalDate cannot be cast to class clojure.lang.IFn (java.time.LocalDate is in module java.base of loader 'bootstrap'; clojure.lang.IFn is in unnamed module of loader 'app')
cljêž‰moments.coreêž‰>Â 
#'moments.core/-main
cljêž‰moments.coreêž‰>Â 
now
#object[java.time.LocalDate 0x17a24afe "2022-08-20"]
cljêž‰moments.coreêž‰>Â 
moment-dates
[{:title "Started Dating Bri", :date #object[java.time.LocalDate 0x2c355922 "2009-08-14"]}
 {:title "Started Working", :date #object[java.time.LocalDate 0x31465bf0 "2013-08-01"]}
 {:title "Married Bri", :date #object[java.time.LocalDate 0x1163d088 "2014-01-25"]}
 {:title "Bought First Home", :date #object[java.time.LocalDate 0x59b31fe2 "2014-11-14"]}
 {:title "Addi Born", :date #object[java.time.LocalDate 0x70ad4390 "2019-03-02"]}
 {:title "Demi Born", :date #object[java.time.LocalDate 0x6d504c90 "2021-10-01"]}
 {:title "Bought Second Home", :date #object[java.time.LocalDate 0x68f0fdef "2009-08-14"]}]
cljêž‰moments.coreêž‰>Â 
(now)
; Execution error (ClassCastException) at moments.core/eval12257 (form-init8471201141672060908.clj:288).
; class java.time.LocalDate cannot be cast to class clojure.lang.IFn (java.time.LocalDate is in module java.base of loader 'bootstrap'; clojure.lang.IFn is in unnamed module of loader 'app')
cljêž‰moments.coreêž‰>Â 
(now)
; Execution error (ClassCastException) at moments.core/eval12259 (form-init8471201141672060908.clj:292).
; class java.time.LocalDate cannot be cast to class clojure.lang.IFn (java.time.LocalDate is in module java.base of loader 'bootstrap'; clojure.lang.IFn is in unnamed module of loader 'app')
cljêž‰moments.coreêž‰>Â 
#'moments.core/-main
cljêž‰moments.coreêž‰>Â 
(now)
; Execution error (ClassCastException) at moments.core/eval12264 (form-init8471201141672060908.clj:298).
; class java.time.LocalDate cannot be cast to class clojure.lang.IFn (java.time.LocalDate is in module java.base of loader 'bootstrap'; clojure.lang.IFn is in unnamed module of loader 'app')
cljêž‰moments.coreêž‰>Â 
(-main)
; Execution error (ClassCastException) at moments.core/calculate-moment-dates$fn (form-init8471201141672060908.clj:19).
; class java.time.LocalDate cannot be cast to class clojure.lang.IFn (java.time.LocalDate is in module java.base of loader 'bootstrap'; clojure.lang.IFn is in unnamed module of loader 'app')
cljêž‰moments.coreêž‰>Â 
now
#object[java.time.LocalDate 0x17a24afe "2022-08-20"]
cljêž‰moments.coreêž‰>Â 
(now)
; Execution error (ClassCastException) at moments.core/eval12268 (form-init8471201141672060908.clj:309).
; class java.time.LocalDate cannot be cast to class clojure.lang.IFn (java.time.LocalDate is in module java.base of loader 'bootstrap'; clojure.lang.IFn is in unnamed module of loader 'app')
cljêž‰moments.coreêž‰>Â 
moment-dates
[{:title "Started Dating Bri", :date #object[java.time.LocalDate 0x2c355922 "2009-08-14"]}
 {:title "Started Working", :date #object[java.time.LocalDate 0x31465bf0 "2013-08-01"]}
 {:title "Married Bri", :date #object[java.time.LocalDate 0x1163d088 "2014-01-25"]}
 {:title "Bought First Home", :date #object[java.time.LocalDate 0x59b31fe2 "2014-11-14"]}
 {:title "Addi Born", :date #object[java.time.LocalDate 0x70ad4390 "2019-03-02"]}
 {:title "Demi Born", :date #object[java.time.LocalDate 0x6d504c90 "2021-10-01"]}
 {:title "Bought Second Home", :date #object[java.time.LocalDate 0x68f0fdef "2009-08-14"]}]
cljêž‰moments.coreêž‰>Â 
(jt/time-between now now)
; Syntax error (IllegalArgumentException) compiling jt/time-between at (c:\Users\GGPC\Documents\Workspace\moments\.calva\output-window\output.calva-repl:322:1).
; No single method: time_between of interface: java_time.core.KnowsTimeBetween found for function: time-between of protocol: KnowsTimeBetween
cljêž‰moments.coreêž‰>Â 
(jt/time-between (now) (now))
; Syntax error (IllegalArgumentException) compiling jt/time-between at (c:\Users\GGPC\Documents\Workspace\moments\.calva\output-window\output.calva-repl:326:1).
; No single method: time_between of interface: java_time.core.KnowsTimeBetween found for function: time-between of protocol: KnowsTimeBetween
cljêž‰moments.coreêž‰>Â 
(jt/time-between (jt/local-date) (jt/local-date))
; Syntax error (IllegalArgumentException) compiling jt/time-between at (c:\Users\GGPC\Documents\Workspace\moments\.calva\output-window\output.calva-repl:330:1).
; No single method: time_between of interface: java_time.core.KnowsTimeBetween found for function: time-between of protocol: KnowsTimeBetween
cljêž‰moments.coreêž‰>Â 
#'moments.core/-main
cljêž‰moments.coreêž‰>Â 
(jt/time-between (jt/local-date) (jt/local-date))
; Syntax error (IllegalArgumentException) compiling jt/time-between at (c:\Users\GGPC\Documents\Workspace\moments\.calva\output-window\output.calva-repl:336:1).
; No single method: time_between of interface: java_time.core.KnowsTimeBetween found for function: time-between of protocol: KnowsTimeBetween
cljêž‰moments.coreêž‰>Â 
(jt/time-between (jt/local-date) (jt/local-date) :days)
0
cljêž‰moments.coreêž‰>Â 
(jt/time-between (now) (now) :days)
; Execution error (ClassCastException) at moments.core/eval12291 (form-init8471201141672060908.clj:343).
; class java.time.LocalDate cannot be cast to class clojure.lang.IFn (java.time.LocalDate is in module java.base of loader 'bootstrap'; clojure.lang.IFn is in unnamed module of loader 'app')
cljêž‰moments.coreêž‰>Â 
(jt/time-between now now :days)
0
cljêž‰moments.coreêž‰>Â 
(jt/time-between now (get moment-dates 1 :date) :days)
; Execution error (ClassCastException) at java-time.temporal/eval2134$fn (temporal.clj:299).
; class clojure.lang.PersistentArrayMap cannot be cast to class java.time.temporal.Temporal (clojure.lang.PersistentArrayMap is in unnamed module of loader 'app'; java.time.temporal.Temporal is in module java.base of loader 'bootstrap')
cljêž‰moments.coreêž‰>Â 
(get moment-dates 1)
{:title "Started Working", :date #object[java.time.LocalDate 0xbba00a1 "2013-08-01"]}
cljêž‰moments.coreêž‰>Â 
(get moment-dates 1 :date)
{:title "Started Working", :date #object[java.time.LocalDate 0xbba00a1 "2013-08-01"]}
cljêž‰moments.coreêž‰>Â 
(get moment-dates 1 (get :date))
; Execution error (ArityException) at moments.core/eval12301 (form-init8471201141672060908.clj:360).
; Wrong number of args (1) passed to: clojure.core/get
cljêž‰moments.coreêž‰>Â 
(get moment-dates 1 (get % :date))
; Syntax error compiling at (c:\Users\GGPC\Documents\Workspace\moments\.calva\output-window\output.calva-repl:364:21).
; Unable to resolve symbol: % in this context
cljêž‰moments.coreêž‰>Â 
(get (get moment-dates 1) :date)
#object[java.time.LocalDate 0xbba00a1 "2013-08-01"]
cljêž‰moments.coreêž‰>Â 
(jt/time-between now (get (get moment-dates 1) :date))
; Syntax error (IllegalArgumentException) compiling jt/time-between at (c:\Users\GGPC\Documents\Workspace\moments\.calva\output-window\output.calva-repl:371:1).
; No single method: time_between of interface: java_time.core.KnowsTimeBetween found for function: time-between of protocol: KnowsTimeBetween
cljêž‰moments.coreêž‰>Â 
(jt/time-between now (get (get moment-dates 1) :date) :days)
-3306
cljêž‰moments.coreêž‰>Â 
#'moments.core/-main
cljêž‰moments.coreêž‰>Â 
#'moments.core/-main
cljêž‰moments.coreêž‰>Â 
(-main)
({:title "Started Dating Bri",
  :date #object[java.time.LocalDate 0x3f9bc015 "2009-08-14"],
  :duration -4754}
 {:title "Started Working",
  :date #object[java.time.LocalDate 0x3cb04743 "2013-08-01"],
  :duration -3306}
 {:title "Married Bri",
  :date #object[java.time.LocalDate 0x53e8d1f8 "2014-01-25"],
  :duration -3129}
 {:title "Bought First Home",
  :date #object[java.time.LocalDate 0x366756a2 "2014-11-14"],
  :duration -2836}
 {:title "Addi Born",
  :date #object[java.time.LocalDate 0x3e075267 "2019-03-02"],
  :duration -1267}
 {:title "Demi Born",
  :date #object[java.time.LocalDate 0x1160f02d "2021-10-01"],
  :duration -323}
 {:title "Bought Second Home",
  :date #object[java.time.LocalDate 0x7549be60 "2009-08-14"],
  :duration -4754})
nil
cljêž‰moments.coreêž‰>Â 
; nREPL Connection was closed
#'moments.core/-main
cljêž‰moments.coreêž‰>Â 
(-main)
({:title "Started Dating Bri",
  :date "2009-08-14",
  :duration-in-days -4754}
 {:title "Started Working",
  :date "2013-08-01",
  :duration-in-days -3306}
 {:title "Married Bri", :date "2014-01-25", :duration-in-days -3129}
 {:title "Bought First Home",
  :date "2014-11-14",
  :duration-in-days -2836}
 {:title "Addi Born", :date "2019-03-02", :duration-in-days -1267}
 {:title "Demi Born", :date "2021-10-01", :duration-in-days -323}
 {:title "Bought Second Home",
  :date "2022-09-15",
  :duration-in-days 26})
nil
cljêž‰moments.coreêž‰>Â 
#'moments.core/-main
cljêž‰moments.coreêž‰>Â 
(-main)
({:title "Started Dating Bri",
  :date "2009-08-14",
  :duration-in-days -4754}
 {:title "Started Working",
  :date "2013-08-01",
  :duration-in-days -3306}
 {:title "Married Bri", :date "2014-01-25", :duration-in-days -3129}
 {:title "Bought First Home",
  :date "2014-11-14",
  :duration-in-days -2836}
 {:title "Addi Born", :date "2019-03-02", :duration-in-days -1267}
 {:title "Demi Born", :date "2021-10-01", :duration-in-days -323}
 {:title "Bought Second Home",
  :date "2022-09-15",
  :duration-in-days 26})
nil
cljêž‰moments.coreêž‰>Â 
#'moments.core-test/time-between-test
cljêž‰moments.core-testêž‰>Â 
#'moments.core-test/time-between-test
cljêž‰moments.core-testêž‰>Â 
; Evaluating file: core_test.clj
#'moments.core-test/time-between-test
; Running test: time-between-testâ€¦
; ERROR in moments.core-test/time-between-test (core_deftype.clj:11):
; Tests whether the difference of two dates are returned as a duration
; error: java.lang.IllegalArgumentException: No implementation of method: :time-between of protocol: #'java-time.core/KnowsTimeBetween found for class: java.lang.String (core_deftype.clj:11)
; expected:
(= (moments.core/time-between "2022-09-01" "2022-08-01") 30)
; 1 tests finished, problems found. ðŸ˜­ errors: 1, failures: 0, ns: 1, vars: 1
cljêž‰moments.core-testêž‰>Â 
#'moments.core-test/time-between-test
cljêž‰moments.core-testêž‰>Â 
; Evaluating file: core_test.clj
#'moments.core-test/time-between-test
; Running test: time-between-testâ€¦
; ERROR in moments.core-test/time-between-test (core_deftype.clj:7):
; Tests whether the difference of two dates are returned as a duration
; error: java.lang.IllegalArgumentException: No implementation of method: :time-between of protocol: #'java-time.core/KnowsTimeBetween found for class: java.lang.String (core_deftype.clj:7)
; expected:
(= (moments.core/time-between "2022-09-01" "2022-08-01") 30)
; 1 tests finished, problems found. ðŸ˜­ errors: 1, failures: 0, ns: 1, vars: 1
cljêž‰moments.core-testêž‰>Â 
#'moments.core/-main
cljêž‰moments.coreêž‰>Â 
(-main)
; Execution error (IllegalArgumentException) at java-time.core/eval743$fn$G (core.clj:101).
; No implementation of method: :time-between of protocol: #'java-time.core/KnowsTimeBetween found for class: java.lang.String
cljêž‰moments.coreêž‰>Â 
#'moments.core/-main
cljêž‰moments.coreêž‰>Â 
(-main)
({:title "Started Dating Bri",
  :date "2009-08-14",
  :duration-in-days -4754}
 {:title "Started Working",
  :date "2013-08-01",
  :duration-in-days -3306}
 {:title "Married Bri", :date "2014-01-25", :duration-in-days -3129}
 {:title "Bought First Home",
  :date "2014-11-14",
  :duration-in-days -2836}
 {:title "Addi Born", :date "2019-03-02", :duration-in-days -1267}
 {:title "Demi Born", :date "2021-10-01", :duration-in-days -323}
 {:title "Bought Second Home",
  :date "2022-09-15",
  :duration-in-days 26})
nil
cljêž‰moments.coreêž‰>Â 
#'moments.core-test/time-between-test
cljêž‰moments.core-testêž‰>Â 
; Evaluating file: core_test.clj
#'moments.core-test/time-between-test
; Running test: time-between-testâ€¦
; FAIL in moments.core-test/time-between-test (core_test.clj:7):
; Tests whether the difference of two dates are returned as a duration
; expected:
-31
; actual:
30
; 1 tests finished, problems found. ðŸ˜­ errors: 0, failures: 1, ns: 1, vars: 1
cljêž‰moments.core-testêž‰>Â 
#'moments.core-test/time-between-test
cljêž‰moments.core-testêž‰>Â 
; Evaluating file: core_test.clj
#'moments.core-test/time-between-test
; Running test: time-between-testâ€¦
; 3 tests finished, all passing ðŸ‘, ns: 1, vars: 1
cljêž‰moments.core-testêž‰>Â 
#'moments.core/-main
cljêž‰moments.coreêž‰>Â 
(-main)
({:title "Started Dating Bri",
  :date "2009-08-14",
  :duration-in-days -4754}
 {:title "Started Working",
  :date "2013-08-01",
  :duration-in-days -3306}
 {:title "Married Bri", :date "2014-01-25", :duration-in-days -3129}
 {:title "Bought First Home",
  :date "2014-11-14",
  :duration-in-days -2836}
 {:title "Addi Born", :date "2019-03-02", :duration-in-days -1267}
 {:title "Demi Born", :date "2021-10-01", :duration-in-days -323}
 {:title "Bought Second Home",
  :date "2022-09-15",
  :duration-in-days 26})
nil
cljêž‰moments.coreêž‰>Â 
#'moments.core-test/enrich-moments-test
cljêž‰moments.core-testêž‰>Â 
; Running all project testsâ€¦
; FAIL in moments.core-test/a-test (core_test.clj:7):
; FIXME, I fail.
; expected:
0
; actual:
1
; FAIL in moments.core-test/enrich-moments-test (form-init11125832159962865891.clj:17):
; Tests whether moments data is enriched with calculated data such as the duration
; expected:
({:title "Test Date 1", :date "2009-08-14", :duration-in-days -4523}
 {:title "Test Date 2", :date "2050-08-01", :duration-in-days 10439})
; actual:
nil
; 5 tests finished, problems found. ðŸ˜­ errors: 0, failures: 2, ns: 1, vars: 3
cljêž‰moments.core-testêž‰>Â 
#'moments.core-test/enrich-moments-test
cljêž‰moments.core-testêž‰>Â 
#'moments.core-test/enrich-moments-test
cljêž‰moments.core-testêž‰>Â 
; Running all project testsâ€¦
; FAIL in moments.core-test/a-test (core_test.clj:7):
; FIXME, I fail.
; expected:
0
; actual:
1
; FAIL in moments.core-test/enrich-moments-test (form-init11125832159962865891.clj:17):
; Tests whether moments data is enriched with calculated data such as the duration
; expected:
({:title "Test Date 1", :date "2009-08-14", :duration-in-days -4523}
 {:title "Test Date 2", :date "2050-08-01", :duration-in-days 10439})
; actual:
nil
; 5 tests finished, problems found. ðŸ˜­ errors: 0, failures: 2, ns: 1, vars: 3
cljêž‰moments.core-testêž‰>Â 
nil
cljêž‰moments.core-testêž‰>Â 
#'moments.core-test/time-between-test
cljêž‰moments.core-testêž‰>Â 
#'moments.core-test/enrich-moments-test
cljêž‰moments.core-testêž‰>Â 
; Running all project testsâ€¦
; FAIL in moments.core-test/a-test (core_test.clj:7):
; FIXME, I fail.
; expected:
0
; actual:
1
; FAIL in moments.core-test/enrich-moments-test (form-init11125832159962865891.clj:17):
; Tests whether moments data is enriched with calculated data such as the duration
; expected:
({:title "Test Date 1", :date "2009-08-14", :duration-in-days -4523}
 {:title "Test Date 2", :date "2050-08-01", :duration-in-days 10439})
; actual:
nil
; 5 tests finished, problems found. ðŸ˜­ errors: 0, failures: 2, ns: 1, vars: 3
cljêž‰moments.core-testêž‰>Â 
; Evaluating file: core_test.clj
#'moments.core-test/enrich-moments-test
; Running test: enrich-moments-testâ€¦
; FAIL in moments.core-test/enrich-moments-test (core_test.clj:17):
; Tests whether moments data is enriched with calculated data such as the duration
; expected:
({:title "Test Date 1", :date "2009-08-14", :duration-in-days -4523}
 {:title "Test Date 2", :date "2050-08-01", :duration-in-days 10439})
; actual:
nil
; 1 tests finished, problems found. ðŸ˜­ errors: 0, failures: 1, ns: 1, vars: 1
cljêž‰moments.core-testêž‰>Â 
; Evaluating file: core_test.clj
#'moments.core-test/enrich-moments-test
; Running test: enrich-moments-testâ€¦
; FAIL in moments.core-test/enrich-moments-test (core_test.clj:17):
; Tests whether moments data is enriched with calculated data such as the duration
; expected:
({:title "Test Date 1", :date "2009-08-14", :duration-in-days -4523}
 {:title "Test Date 2", :date "2050-08-01", :duration-in-days 10439})
; actual:
nil
; 1 tests finished, problems found. ðŸ˜­ errors: 0, failures: 1, ns: 1, vars: 1
cljêž‰moments.core-testêž‰>Â 
; Evaluating file: core_test.clj
#'moments.core-test/enrich-moments-test
; Running test: enrich-moments-testâ€¦
; FAIL in moments.core-test/enrich-moments-test (core_test.clj:17):
; Tests whether moments data is enriched with calculated data such as the duration
; expected:
({:title "Test Date 1", :date "2009-08-14", :duration-in-days -4523}
 {:title "Test Date 2", :date "2050-08-01", :duration-in-days 10439})
; actual:
nil
; 1 tests finished, problems found. ðŸ˜­ errors: 0, failures: 1, ns: 1, vars: 1
cljêž‰moments.core-testêž‰>Â 
#'moments.core-test/enrich-moments-test
cljêž‰moments.core-testêž‰>Â 
; Evaluating file: core_test.clj
#'moments.core-test/enrich-moments-test
; Running test: enrich-moments-testâ€¦
; FAIL in moments.core-test/enrich-moments-test (core_test.clj:17):
; Tests whether moments data is enriched with calculated data such as the duration
; expected:
({:title "Test Date 1", :date "2009-08-14", :duration-in-days -4523}
 {:title "Test Date 2", :date "2050-08-01", :duration-in-days 10439})
; actual:
nil
; 1 tests finished, problems found. ðŸ˜­ errors: 0, failures: 1, ns: 1, vars: 1
cljêž‰moments.core-testêž‰>Â 
#'moments.core-test/enrich-moments-test
cljêž‰moments.core-testêž‰>Â 
; Running all project testsâ€¦
; FAIL in moments.core-test/a-test (core_test.clj:7):
; FIXME, I fail.
; expected:
0
; actual:
1
; FAIL in moments.core-test/enrich-moments-test (form-init11125832159962865891.clj:17):
; Tests whether moments data is enriched with calculated data such as the duration
; expected:
({:title "Test Date 1", :date "2009-08-14", :duration-in-days -4523}
 {:title "Test Date 2", :date "2050-08-01", :duration-in-days 10439})
; actual:
nil
; 5 tests finished, problems found. ðŸ˜­ errors: 0, failures: 2, ns: 1, vars: 3
cljêž‰moments.core-testêž‰>Â 
; Evaluating file: core_test.clj
#'moments.core-test/enrich-moments-test
; Running test: enrich-moments-testâ€¦
; FAIL in moments.core-test/enrich-moments-test (core_test.clj:17):
; Tests whether moments data is enriched with calculated data such as the duration
; expected:
({:title "Test Date 1", :date "2009-08-14", :duration-in-days -4523}
 {:title "Test Date 2", :date "2050-08-01", :duration-in-days 10439})
; actual:
nil
; 1 tests finished, problems found. ðŸ˜­ errors: 0, failures: 1, ns: 1, vars: 1
cljêž‰moments.core-testêž‰>Â 
#'moments.core-test/enrich-moments-test
cljêž‰moments.core-testêž‰>Â 
; Running all project testsâ€¦
; FAIL in moments.core-test/a-test (core_test.clj:7):
; FIXME, I fail.
; expected:
0
; actual:
1
; FAIL in moments.core-test/enrich-moments-test (form-init11125832159962865891.clj:17):
; Tests whether moments data is enriched with calculated data such as the duration
; expected:
({:title "Test Date 1", :date "2009-08-14", :duration-in-days -4523}
 {:title "Test Date 2", :date "2050-08-01", :duration-in-days 10439})
; actual:
nil
; 5 tests finished, problems found. ðŸ˜­ errors: 0, failures: 2, ns: 1, vars: 3
cljêž‰moments.core-testêž‰>Â 
; Running all project testsâ€¦
; FAIL in moments.core-test/a-test (core_test.clj:7):
; FIXME, I fail.
; expected:
0
; actual:
1
; FAIL in moments.core-test/enrich-moments-test (form-init11125832159962865891.clj:17):
; Tests whether moments data is enriched with calculated data such as the duration
; expected:
({:title "Test Date 1", :date "2009-08-14", :duration-in-days -4523}
 {:title "Test Date 2", :date "2050-08-01", :duration-in-days 10439})
; actual:
nil
; 5 tests finished, problems found. ðŸ˜­ errors: 0, failures: 2, ns: 1, vars: 3
cljêž‰moments.core-testêž‰>Â 
#'moments.core/-main
cljêž‰moments.coreêž‰>Â 
nil
cljêž‰moments.core-testêž‰>Â 
#'moments.core-test/time-between-test
cljêž‰moments.core-testêž‰>Â 
#'moments.core-test/enrich-moments-test
cljêž‰moments.core-testêž‰>Â 
; Evaluating file: core_test.clj
#'moments.core-test/enrich-moments-test
; Running test: enrich-moments-testâ€¦
; FAIL in moments.core-test/enrich-moments-test (core_test.clj:17):
; Tests whether moments data is enriched with calculated data such as the duration
; expected:
({:title "Test Date 1", :date "2009-08-14", :duration-in-days -4523}
 {:title "Test Date 2", :date "2050-08-01", :duration-in-days 10439})
; actual:
nil
; 1 tests finished, problems found. ðŸ˜­ errors: 0, failures: 1, ns: 1, vars: 1
cljêž‰moments.core-testêž‰>Â 
; Evaluating file: core_test.clj
#'moments.core-test/enrich-moments-test
; Running test: time-between-testâ€¦
; 3 tests finished, all passing ðŸ‘, ns: 1, vars: 1
cljêž‰moments.core-testêž‰>Â 
#'moments.core-test/enrich-moments-test
cljêž‰moments.core-testêž‰>Â 
(moments.core/enrich-moments [{:title "Test Date 1" :date "2009-08-14"}
                             {:title "Test Date 2" :date "2050-08-01"}] "2022-01-01")
({:title "Test Date 1", :date "2009-08-14", :duration-in-days -4523}
 {:title "Test Date 2", :date "2050-08-01", :duration-in-days 10439})
cljêž‰moments.core-testêž‰>Â 
#'moments.core/-main
cljêž‰moments.coreêž‰>Â 
(-main)
[{:title "Started Dating Bri",
  :date "2009-08-14",
  :duration-in-days -4754}
 {:title "Started Working",
  :date "2013-08-01",
  :duration-in-days -3306}
 {:title "Married Bri", :date "2014-01-25", :duration-in-days -3129}
 {:title "Bought First Home",
  :date "2014-11-14",
  :duration-in-days -2836}
 {:title "Addi Born", :date "2019-03-02", :duration-in-days -1267}
 {:title "Demi Born", :date "2021-10-01", :duration-in-days -323}
 {:title "Bought Second Home",
  :date "2022-09-15",
  :duration-in-days 26}]
nil
cljêž‰moments.coreêž‰>Â 
#'moments.core-test/enrich-moments-test
cljêž‰moments.core-testêž‰>Â 
; Evaluating file: core_test.clj
#'moments.core-test/enrich-moments-test
; Running test: enrich-moments-testâ€¦
; FAIL in moments.core-test/enrich-moments-test (core_test.clj:17):
; Tests whether moments data is enriched with calculated data such as the duration
; expected:
[{:title "Test Date 1", :date "2009-08-14", :duration-in-days -4523}
 {:title "Test Date 2", :date "2050-08-01", :duration-in-days 10439}]
; actual:
[{:title "Test Date 1", :date "2009-08-14", :duration -4523}
 {:title "Test Date 2", :date "2050-08-01", :duration 10439}]
; 1 tests finished, problems found. ðŸ˜­ errors: 0, failures: 1, ns: 1, vars: 1
cljêž‰moments.core-testêž‰>Â 
#'moments.core-test/enrich-moments-test
cljêž‰moments.core-testêž‰>Â 
; Running all project testsâ€¦
; FAIL in moments.core-test/a-test (core_test.clj:7):
; FIXME, I fail.
; expected:
0
; actual:
1
; 5 tests finished, problems found. ðŸ˜­ errors: 0, failures: 1, ns: 1, vars: 3
cljêž‰moments.core-testêž‰>Â 
#'moments.core-test/enrich-moments-test
cljêž‰moments.core-testêž‰>Â 
; Evaluating file: core_test.clj
#'moments.core-test/enrich-moments-test
; Running tests for moments.core-test...
; FAIL in moments.core-test/a-test (core_test.clj:7):
; FIXME, I fail.
; expected:
0
; actual:
1
; 5 tests finished, problems found. ðŸ˜­ errors: 0, failures: 1, ns: 1, vars: 3
cljêž‰moments.core-testêž‰>Â 
; nREPL Connection was closed
; Jacking in...
; Starting Jack-in Terminal: cmd.exe /d /c lein update-in :dependencies conj [nrepl,"0.9.0"] -- update-in :plugins conj [cider/cider-nrepl,"0.28.5"] -- update-in [:repl-options,:nrepl-middleware] conj '["cider.nrepl/cider-middleware"]' -- repl :headless
; Hooking up nREPL sessions...
; Connected session: clj
; TIPS:
;   - You can edit the contents here. Use it as a REPL if you like.
;   - `alt+enter` evaluates the current top level form.
;   - `ctrl+enter` evaluates the current form.
;   - `alt+up` and `alt+down` traverse up and down the REPL command history
;      when the cursor is after the last contents at the prompt
;   - Clojure lines in stack traces are peekable and clickable.
cljêž‰moments.coreêž‰>Â 
; Jack-in done.
cljêž‰moments.coreêž‰>Â 
; Running all project testsâ€¦
; No tests found. ðŸ˜±, ns: 0, vars: 0
cljêž‰moments.coreêž‰>Â 
; Syntax error compiling at (c:\Users\GGPC\Documents\Workspace\moments\test\moments\core_test.clj:11:1).
; Unable to resolve symbol: deftest in this context
cljêž‰moments.core-testêž‰>Â 
#'moments.core-test/enrich-moments-test
cljêž‰moments.core-testêž‰>Â 
#'moments.core-test/enrich-moments-test
cljêž‰moments.core-testêž‰>Â 
; Running all project testsâ€¦
; 4 tests finished, all passing ðŸ‘, ns: 1, vars: 2
cljêž‰moments.core-testêž‰>Â 
